<?xml version="1.0" encoding="UTF-8"?>
<!-- Generated by org.testng.reporters.JUnitReportReporter -->
<testsuite skipped="0" hostname="LAPTOP-DNMDRQOE" name="testng.annotations.TestPriority" tests="4" failures="0" timestamp="2021-07-13T14:20:52 IST" time="0.011" errors="0">
  <testcase name="d_method" time="0.001" classname="testng.annotations.TestPriority"/>
  <system-out/>
  <testcase name="c_method" time="0.009" classname="testng.annotations.TestPriority"/>
  <system-out/>
  <testcase name="b_method" time="0.000" classname="testng.annotations.TestPriority"/>
  <system-out/>
  <testcase name="a_method" time="0.001" classname="testng.annotations.TestPriority"/>
  <system-out/>
</testsuite> <!-- testng.annotations.TestPriority -->
