<?xml version="1.0" encoding="UTF-8"?>
<!-- Generated by org.testng.reporters.JUnitReportReporter -->
<testsuite skipped="0" hostname="LAPTOP-DNMDRQOE" name="testng.asserts.HardAssertion" tests="2" failures="0" timestamp="2021-07-13T17:17:56 IST" time="0.011" errors="0">
  <testcase name="test1" time="0.010" classname="testng.asserts.HardAssertion"/>
  <system-out/>
  <testcase name="test2" time="0.001" classname="testng.asserts.HardAssertion"/>
  <system-out/>
</testsuite> <!-- testng.asserts.HardAssertion -->
