<?xml version="1.0" encoding="UTF-8"?>
<!-- Generated by org.testng.reporters.JUnitReportReporter -->
<testsuite skipped="0" hostname="LAPTOP-DNMDRQOE" name="testng.parallel.TestParallelClassOne" tests="2" failures="0" timestamp="2021-07-13T17:10:11 IST" time="0.010" errors="0">
  <testcase name="testCaseTwo" time="0.002" classname="testng.parallel.TestParallelClassOne"/>
  <system-out/>
  <testcase name="testCaseOne" time="0.008" classname="testng.parallel.TestParallelClassOne"/>
  <system-out/>
</testsuite> <!-- testng.parallel.TestParallelClassOne -->
