<?xml version="1.0" encoding="UTF-8"?>
<!-- Generated by org.testng.reporters.JUnitReportReporter -->
<testsuite skipped="0" hostname="LAPTOP-DNMDRQOE" name="testng.asserts.HardSoftAssert" tests="2" failures="0" timestamp="2021-07-12T20:44:52 IST" time="0.010" errors="0">
  <testcase name="test1" time="0.009" classname="testng.asserts.HardSoftAssert"/>
  <system-out/>
  <testcase name="test2" time="0.001" classname="testng.asserts.HardSoftAssert"/>
  <system-out/>
</testsuite> <!-- testng.asserts.HardSoftAssert -->
