<?xml version="1.0" encoding="UTF-8"?>
<!-- Generated by org.testng.reporters.JUnitReportReporter -->
<testsuite skipped="0" hostname="LAPTOP-DNMDRQOE" name="testng.parallel.ParallelTestMethods" tests="3" failures="0" timestamp="2021-07-13T16:56:43 IST" time="32.001" errors="0">
  <testcase name="executeSessionTwo" time="11.311" classname="testng.parallel.ParallelTestMethods"/>
  <system-out/>
  <testcase name="executSessionThree" time="10.848" classname="testng.parallel.ParallelTestMethods"/>
  <system-out/>
  <testcase name="executSessionOne" time="9.842" classname="testng.parallel.ParallelTestMethods"/>
  <system-out/>
</testsuite> <!-- testng.parallel.ParallelTestMethods -->
