<?xml version="1.0" encoding="UTF-8"?>
<!-- Generated by org.testng.reporters.JUnitReportReporter -->
<testsuite skipped="0" hostname="LAPTOP-DNMDRQOE" name="testng.dependent.DependsOnTest" tests="3" failures="0" timestamp="2021-07-13T15:50:54 IST" time="0.006" errors="0">
  <testcase name="OpenBrowser" time="0.005" classname="testng.dependent.DependsOnTest"/>
  <system-out/>
  <testcase name="LogOut" time="0.001" classname="testng.dependent.DependsOnTest"/>
  <system-out/>
  <testcase name="SignIn" time="0.000" classname="testng.dependent.DependsOnTest"/>
  <system-out/>
</testsuite> <!-- testng.dependent.DependsOnTest -->
