<?xml version="1.0" encoding="UTF-8"?>
<!-- Generated by org.testng.reporters.JUnitReportReporter -->
<testsuite skipped="0" hostname="LAPTOP-DNMDRQOE" name="testng.dependent.GroupDependency" tests="4" failures="0" timestamp="2021-07-13T15:59:05 IST" time="0.011" errors="0">
  <testcase name="CloseAccount" time="0.008" classname="testng.dependent.GroupDependency"/>
  <system-out/>
  <testcase name="ViewAcc" time="0.001" classname="testng.dependent.GroupDependency"/>
  <system-out/>
  <testcase name="OpenBrowser" time="0.001" classname="testng.dependent.GroupDependency"/>
  <system-out/>
  <testcase name="LogIn" time="0.001" classname="testng.dependent.GroupDependency"/>
  <system-out/>
</testsuite> <!-- testng.dependent.GroupDependency -->
