<?xml version="1.0" encoding="UTF-8"?>
<!-- Generated by org.testng.reporters.JUnitReportReporter -->
<testsuite skipped="0" hostname="LAPTOP-DNMDRQOE" name="testng.dependent.MultipleDependency" tests="3" failures="0" timestamp="2021-07-13T16:05:18 IST" time="0.008" errors="0">
  <testcase name="SignIn" time="0.000" classname="testng.dependent.MultipleDependency"/>
  <system-out/>
  <testcase name="OpenBrowser" time="0.007" classname="testng.dependent.MultipleDependency"/>
  <system-out/>
  <testcase name="LogOut" time="0.001" classname="testng.dependent.MultipleDependency"/>
  <system-out/>
</testsuite> <!-- testng.dependent.MultipleDependency -->
