<?xml version="1.0" encoding="UTF-8"?>
<!-- Generated by org.testng.reporters.JUnitReportReporter -->
<testsuite skipped="0" hostname="LAPTOP-DNMDRQOE" name="testng.dependent.SuperClass" tests="1" failures="0" timestamp="2021-07-13T16:02:52 IST" time="0.006" errors="0">
  <testcase name="OpenBrowser" time="0.006" classname="testng.dependent.SuperClass"/>
  <system-out/>
</testsuite> <!-- testng.dependent.SuperClass -->
