<?xml version="1.0" encoding="UTF-8"?>
<!-- Generated by org.testng.reporters.JUnitReportReporter -->
<testsuite skipped="0" hostname="LAPTOP-DNMDRQOE" name="testng.annotations.AnnotationPrograms" tests="1" failures="0" timestamp="2021-07-13T14:06:19 IST" time="0.002" errors="0">
  <testcase name="testCase1" time="0.002" classname="testng.annotations.AnnotationPrograms"/>
  <system-out/>
</testsuite> <!-- testng.annotations.AnnotationPrograms -->
