<?xml version="1.0" encoding="UTF-8"?>
<!-- Generated by org.testng.reporters.JUnitReportReporter -->
<testsuite skipped="0" hostname="LAPTOP-DNMDRQOE" name="testng.parallel.ParallelTests" tests="2" failures="0" timestamp="2021-07-13T17:03:00 IST" time="37.190" errors="0">
  <testcase name="ChromeTestMethod" time="9.858" classname="testng.parallel.ParallelTests"/>
  <system-out/>
  <testcase name="ChromeTestMethod" time="27.332" classname="testng.parallel.ParallelTests"/>
  <system-out/>
</testsuite> <!-- testng.parallel.ParallelTests -->
