<?xml version="1.0" encoding="UTF-8"?>
<!-- Generated by org.testng.reporters.JUnitReportReporter -->
<testsuite skipped="0" hostname="LAPTOP-DNMDRQOE" name="testng.group.IncludeExcludeGroup" tests="3" failures="0" timestamp="2021-07-13T15:30:14 IST" time="0.008" errors="0">
  <testcase name="testMethodThree" time="0.000" classname="testng.group.IncludeExcludeGroup"/>
  <system-out/>
  <testcase name="testMethodOne" time="0.007" classname="testng.group.IncludeExcludeGroup"/>
  <system-out/>
  <testcase name="testMethodTwo" time="0.001" classname="testng.group.IncludeExcludeGroup"/>
  <system-out/>
</testsuite> <!-- testng.group.IncludeExcludeGroup -->
