<?xml version="1.0" encoding="UTF-8"?>
<!-- Generated by org.testng.reporters.JUnitReportReporter -->
<testsuite skipped="0" hostname="LAPTOP-DNMDRQOE" name="testng.dependent.InheritDependency" tests="2" failures="0" timestamp="2021-07-13T16:02:52 IST" time="0.004" errors="0">
  <testcase name="LogIn" time="0.002" classname="testng.dependent.InheritDependency"/>
  <system-out/>
  <testcase name="OpenBrowser" time="0.002" classname="testng.dependent.InheritDependency"/>
  <system-out/>
</testsuite> <!-- testng.dependent.InheritDependency -->
