<?xml version="1.0" encoding="UTF-8"?>
<!-- Generated by org.testng.reporters.JUnitReportReporter -->
<testsuite hostname="Raghavs-MacBook-Pro.local" failures="0" tests="1" name="phase5.Testng.Day3.NewTest" time="7.717" errors="0" timestamp="2021-07-13T14:29:53 IST" skipped="0">
  <testcase classname="phase5.Testng.Day3.NewTest" name="f" time="7.717"/>
  <system-out/>
</testsuite> <!-- phase5.Testng.Day3.NewTest -->
