<?xml version="1.0" encoding="UTF-8"?>
<!-- Generated by org.testng.reporters.JUnitReportReporter -->
<testsuite hostname="Raghavs-MacBook-Pro.local" failures="0" tests="4" name="phase5.Testng.Day4.PriorityExample" time="0.017" errors="0" timestamp="2021-07-13T14:33:32 IST" skipped="0">
  <testcase classname="phase5.Testng.Day4.PriorityExample" name="d_method" time="0.002"/>
  <system-out/>
  <testcase classname="phase5.Testng.Day4.PriorityExample" name="a_method" time="0.011"/>
  <system-out/>
  <testcase classname="phase5.Testng.Day4.PriorityExample" name="c_method" time="0.002"/>
  <system-out/>
  <testcase classname="phase5.Testng.Day4.PriorityExample" name="b_method" time="0.002"/>
  <system-out/>
</testsuite> <!-- phase5.Testng.Day4.PriorityExample -->
