<?xml version="1.0" encoding="UTF-8"?>
<!-- Generated by org.testng.reporters.JUnitReportReporter -->
<testsuite hostname="Raghavs-MBP" failures="0" tests="1" name="selenium.grid.ParallelTestA" time="1.755" errors="0" timestamp="2021-07-14T18:23:34 IST" skipped="0">
  <testcase classname="selenium.grid.ParallelTestA" name="testGooglePageTitleInFirefox" time="1.755"/>
  <system-out/>
</testsuite> <!-- selenium.grid.ParallelTestA -->
