<?xml version="1.0" encoding="UTF-8"?>
<!-- Generated by org.testng.reporters.JUnitReportReporter -->
<testsuite hostname="Raghavs-MacBook-Pro.local" failures="0" tests="3" name="phase5.Testng.Day4.GroupTestNG" time="8.308" errors="0" timestamp="2021-07-13T15:08:34 IST" skipped="0">
  <testcase classname="phase5.Testng.Day4.GroupTestNG" name="starting_point" time="7.510"/>
  <system-out/>
  <testcase classname="phase5.Testng.Day4.GroupTestNG" name="checkTitle" time="0.078"/>
  <system-out/>
  <testcase classname="phase5.Testng.Day4.GroupTestNG" name="click_element" time="0.720"/>
  <system-out/>
</testsuite> <!-- phase5.Testng.Day4.GroupTestNG -->
