<?xml version="1.0" encoding="UTF-8"?>
<!-- Generated by org.testng.reporters.JUnitReportReporter -->
<testsuite hostname="Raghavs-MacBook-Pro.local" failures="0" tests="3" name="com.asserts.Assertions" time="14.145" errors="0" timestamp="2021-07-14T14:27:15 IST" skipped="0">
  <testcase classname="com.asserts.Assertions" name="Launch" time="6.061"/>
  <system-out/>
  <testcase classname="com.asserts.Assertions" name="Facebook" time="4.333"/>
  <system-out/>
  <testcase classname="com.asserts.Assertions" name="Login" time="3.751"/>
  <system-out/>
</testsuite> <!-- com.asserts.Assertions -->
