<?xml version="1.0" encoding="UTF-8"?>
<!-- Generated by org.testng.reporters.JUnitReportReporter -->
<testsuite hostname="Raghavs-MacBook-Pro.local" failures="0" tests="2" name="phase5.Testng.Day4.IncludeExcludeExample" time="0.019" errors="0" timestamp="2021-07-13T15:41:30 IST" skipped="0">
  <testcase classname="phase5.Testng.Day4.IncludeExcludeExample" name="testMethodTwo" time="0.001"/>
  <system-out/>
  <testcase classname="phase5.Testng.Day4.IncludeExcludeExample" name="testMethodOne" time="0.018"/>
  <system-out/>
</testsuite> <!-- phase5.Testng.Day4.IncludeExcludeExample -->
