<?xml version="1.0" encoding="UTF-8"?>
<!-- Generated by org.testng.reporters.JUnitReportReporter -->
<testsuite hostname="Raghavs-MacBook-Pro.local" failures="0" tests="2" name="com.parallel.ParallelTests" time="8.095" errors="0" timestamp="2021-07-13T16:40:42 IST" skipped="0">
  <testcase classname="com.parallel.ParallelTests" name="TryFacebook1" time="0.573"/>
  <system-out/>
  <testcase classname="com.parallel.ParallelTests" name="LaunchChrome" time="7.522"/>
  <system-out/>
</testsuite> <!-- com.parallel.ParallelTests -->
