<?xml version="1.0" encoding="UTF-8"?>
<!-- Generated by org.testng.reporters.JUnitReportReporter -->
<testsuite hostname="Raghavs-MBP" failures="0" tests="2" name="selenium.grid.ParallelTestB" time="6.907" errors="0" timestamp="2021-07-14T18:23:34 IST" skipped="0">
  <testcase classname="selenium.grid.ParallelTestB" name="testGooglePageTitleInChrome" time="2.389"/>
  <system-out/>
  <testcase classname="selenium.grid.ParallelTestB" name="testSearchGoogle" time="4.518"/>
  <system-out/>
</testsuite> <!-- selenium.grid.ParallelTestB -->
